<?xml version="1.0" encoding="utf-8"?><testsuites><testsuite errors="16" failures="0" hostname="Francis.local" name="pytest" skipped="0" tests="16" time="0.621" timestamp="2020-08-26T18:44:37.077271"><testcase classname="test_0_add_new_product.TestPutawayNewProduct" file="test_0_add_new_product.py" line="9" name="test_putaway_new_product" time="0.385"><error message="test setup failure">E   AssertionError</error></testcase><testcase classname="test_1_plm_in_menu.TestPlmMenu" file="test_1_plm_in_menu.py" line="13" name="test_0" time="0.000"><error message="test setup failure">E   AssertionError</error></testcase><testcase classname="test_1_plm_in_menu.TestPlmMenu" file="test_1_plm_in_menu.py" line="38" name="test_1" time="0.000"><error message="test setup failure">E   AssertionError</error></testcase><testcase classname="test_1_plm_in_menu.TestPlmMenu" file="test_1_plm_in_menu.py" line="57" name="test_2" time="0.001"><error message="test setup failure">E   AssertionError</error></testcase><testcase classname="test_2_create_new_plm.TestCreateNewPlm" file="test_2_create_new_plm.py" line="10" name="test_0" time="0.000"><error message="test setup failure">E   AssertionError</error></testcase><testcase classname="test_2_create_new_plm.TestCreateNewPlm" file="test_2_create_new_plm.py" line="46" name="test_1" time="0.000"><error message="test setup failure">E   AssertionError</error></testcase><testcase classname="test_2_create_new_plm.TestCreateNewPlm" file="test_2_create_new_plm.py" line="75" name="test_2" time="0.000"><error message="test setup failure">E   AssertionError</error></testcase><testcase classname="test_2_create_new_plm.TestCreateNewPlm" file="test_2_create_new_plm.py" line="99" name="test_3" time="0.000"><error message="test setup failure">E   AssertionError</error></testcase><testcase classname="test_3_set_plm_for_new_product.TestSetPlmForNewProduct" file="test_3_set_plm_for_new_product.py" line="11" name="test_0" time="0.000"><error message="test setup failure">E   AssertionError</error></testcase><testcase classname="test_3_set_plm_for_new_product.TestSetPlmForNewProduct" file="test_3_set_plm_for_new_product.py" line="21" name="test_1" time="0.000"><error message="test setup failure">E   AssertionError</error></testcase><testcase classname="test_3_set_plm_for_new_product.TestSetPlmForNewProduct" file="test_3_set_plm_for_new_product.py" line="35" name="test_2" time="0.000"><error message="test setup failure">E   AssertionError</error></testcase><testcase classname="test_3_set_plm_for_new_product.TestSetPlmForNewProduct" file="test_3_set_plm_for_new_product.py" line="48" name="test_3" time="0.000"><error message="test setup failure">E   AssertionError</error></testcase><testcase classname="test_3_set_plm_for_new_product.TestSetPlmForNewProduct" file="test_3_set_plm_for_new_product.py" line="105" name="test_4" time="0.000"><error message="test setup failure">E   AssertionError</error></testcase><testcase classname="test_3_set_plm_for_new_product.TestSetPlmForNewProduct" file="test_3_set_plm_for_new_product.py" line="157" name="test_5" time="0.000"><error message="test setup failure">E   AssertionError</error></testcase><testcase classname="test_3_set_plm_for_new_product.TestSetPlmForNewProduct" file="test_3_set_plm_for_new_product.py" line="293" name="test_6" time="0.000"><error message="test setup failure">E   AssertionError</error></testcase><testcase classname="test_4_add_reservation.TestPythonOrgSearch" file="test_4_add_reservation.py" line="9" name="test_0" time="0.002"><error message="test setup failure">E   AssertionError</error></testcase></testsuite></testsuites>